<?xml version="1.0" encoding="UTF-8"?>
<testng-results skipped="0" failed="0" ignored="0" total="1" passed="1">
  <reporter-output>
  </reporter-output>
  <suite name="Suite" duration-ms="22676" started-at="2020-12-11T20:50:26Z" finished-at="2020-12-11T20:50:49Z">
    <groups>
    </groups>
    <test name="Test" duration-ms="22676" started-at="2020-12-11T20:50:26Z" finished-at="2020-12-11T20:50:49Z">
      <class name="com.testCases.C2taLoginTest">
        <test-method status="PASS" signature="stratUp()[pri:0, instance:com.testCases.C2taLoginTest@62d363ab]" name="stratUp" is-config="true" duration-ms="13411" started-at="2020-12-11T20:50:26Z" finished-at="2020-12-11T20:50:40Z">
          <reporter-output>
          </reporter-output>
        </test-method> <!-- stratUp -->
        <test-method status="PASS" signature="login()[pri:0, instance:com.testCases.C2taLoginTest@62d363ab]" name="login" duration-ms="9127" started-at="2020-12-11T20:50:40Z" finished-at="2020-12-11T20:50:49Z">
          <reporter-output>
          </reporter-output>
        </test-method> <!-- login -->
      </class> <!-- com.testCases.C2taLoginTest -->
    </test> <!-- Test -->
  </suite> <!-- Suite -->
</testng-results>
